0 info it worked if it ends with ok
1 verbose cli [ '/nix/store/l8vgprh883g23ng4q8dqnc3yakqsdqbr-nodejs-6.11.5/bin/node',
1 verbose cli   '/Users/kejace/.nix-profile/bin/npm',
1 verbose cli   'run',
1 verbose cli   'watch' ]
2 info using npm@3.10.10
3 info using node@v6.11.5
4 verbose stack Error: missing script: watch
4 verbose stack     at run (/nix/store/l8vgprh883g23ng4q8dqnc3yakqsdqbr-nodejs-6.11.5/lib/node_modules/npm/lib/run-script.js:151:19)
4 verbose stack     at /nix/store/l8vgprh883g23ng4q8dqnc3yakqsdqbr-nodejs-6.11.5/lib/node_modules/npm/lib/run-script.js:61:5
4 verbose stack     at /nix/store/l8vgprh883g23ng4q8dqnc3yakqsdqbr-nodejs-6.11.5/lib/node_modules/npm/node_modules/read-package-json/read-json.js:356:5
4 verbose stack     at checkBinReferences_ (/nix/store/l8vgprh883g23ng4q8dqnc3yakqsdqbr-nodejs-6.11.5/lib/node_modules/npm/node_modules/read-package-json/read-json.js:320:45)
4 verbose stack     at final (/nix/store/l8vgprh883g23ng4q8dqnc3yakqsdqbr-nodejs-6.11.5/lib/node_modules/npm/node_modules/read-package-json/read-json.js:354:3)
4 verbose stack     at then (/nix/store/l8vgprh883g23ng4q8dqnc3yakqsdqbr-nodejs-6.11.5/lib/node_modules/npm/node_modules/read-package-json/read-json.js:124:5)
4 verbose stack     at ReadFileContext.<anonymous> (/nix/store/l8vgprh883g23ng4q8dqnc3yakqsdqbr-nodejs-6.11.5/lib/node_modules/npm/node_modules/read-package-json/read-json.js:295:20)
4 verbose stack     at ReadFileContext.callback (/nix/store/l8vgprh883g23ng4q8dqnc3yakqsdqbr-nodejs-6.11.5/lib/node_modules/npm/node_modules/graceful-fs/graceful-fs.js:78:16)
4 verbose stack     at FSReqWrap.readFileAfterOpen [as oncomplete] (fs.js:367:13)
5 verbose cwd /Users/kejace/devel/foam.css/custom-builder/kss-assets
6 error Darwin 17.3.0
7 error argv "/nix/store/l8vgprh883g23ng4q8dqnc3yakqsdqbr-nodejs-6.11.5/bin/node" "/Users/kejace/.nix-profile/bin/npm" "run" "watch"
8 error node v6.11.5
9 error npm  v3.10.10
10 error missing script: watch
11 error If you need help, you may report this error at:
11 error     <https://github.com/npm/npm/issues>
12 verbose exit [ 1, true ]
